Build started 6/8/2025 2:35:51 PM.
     1>Project "c:\Users\Laptop\documents\visual studio 2010\Projects\user\user\user.vcxproj" on node 2 (build target(s)).
     1>InitializeBuildStatus:
         Creating "Debug\user.unsuccessfulbuild" because "AlwaysCreate" was specified.
       ClCompile:
         All outputs are up-to-date.
         C:\Program Files (x86)\Microsoft Visual Studio 10.0\VC\bin\CL.exe /c /ZI /nologo /W3 /WX- /Od /Oy- /D WIN32 /D _DEBUG /D _CONSOLE /D _UNICODE /D UNICODE /Gm /EHsc /RTC1 /MDd /GS /fp:precise /Zc:wchar_t /Zc:forScope /Yu"StdAfx.h" /Fp"Debug\user.pch" /Fo"Debug\\" /Fd"Debug\vc100.pdb" /Gd /TP /analyze- /errorReport:prompt user.cpp
         user.cpp
       ManifestResourceCompile:
         All outputs are up-to-date.
       Link:
         C:\Program Files (x86)\Microsoft Visual Studio 10.0\VC\bin\link.exe /ERRORREPORT:PROMPT /OUT:"c:\users\laptop\documents\visual studio 2010\Projects\user\Debug\user.exe" /INCREMENTAL /NOLOGO kernel32.lib user32.lib gdi32.lib winspool.lib comdlg32.lib advapi32.lib shell32.lib ole32.lib oleaut32.lib uuid.lib odbc32.lib odbccp32.lib /MANIFEST /ManifestFile:"Debug\user.exe.intermediate.manifest" /MANIFESTUAC:"level='asInvoker' uiAccess='false'" /DEBUG /PDB:"c:\users\laptop\documents\visual studio 2010\Projects\user\Debug\user.pdb" /SUBSYSTEM:CONSOLE /TLBID:1 /DYNAMICBASE /NXCOMPAT /IMPLIB:"c:\users\laptop\documents\visual studio 2010\Projects\user\Debug\user.lib" /MACHINE:X86 Debug\user.exe.embed.manifest.res
         Debug\stdafx.obj
         Debug\user.obj
       Manifest:
         C:\Program Files (x86)\Microsoft SDKs\Windows\v7.0A\bin\mt.exe /nologo /verbose /out:"Debug\user.exe.embed.manifest" /manifest Debug\user.exe.intermediate.manifest
         All outputs are up-to-date.
       LinkEmbedManifest:
         All outputs are up-to-date.
         user.vcxproj -> c:\users\laptop\documents\visual studio 2010\Projects\user\Debug\user.exe
       FinalizeBuildStatus:
         Deleting file "Debug\user.unsuccessfulbuild".
         Touching "Debug\user.lastbuildstate".
     1>Done Building Project "c:\Users\Laptop\documents\visual studio 2010\Projects\user\user\user.vcxproj" (build target(s)).

Build succeeded.

Time Elapsed 00:00:01.78
